{"/Users/admin/Desktop/first_week/__tests__/datasets.ts": {"path":"/Users/admin/Desktop/first_week/__tests__/datasets.ts","statementMap":{"0":{"start":{"line":2,"column":0},"end":{"line":2,"column":65}},"1":{"start":{"line":8,"column":13},"end":{"line":17,"column":null}},"2":{"start":{"line":21,"column":13},"end":{"line":23,"column":null}}},"fnMap":{},"branchMap":{},"s":{"0":1,"1":1,"2":1},"f":{},"b":{}}
,"/Users/admin/Desktop/first_week/__tests__/test-helpers.ts": {"path":"/Users/admin/Desktop/first_week/__tests__/test-helpers.ts","statementMap":{"0":{"start":{"line":1,"column":0},"end":{"line":1,"column":30}},"1":{"start":{"line":2,"column":0},"end":{"line":2,"column":31}},"2":{"start":{"line":4,"column":13},"end":{"line":4,"column":null}}},"fnMap":{},"branchMap":{},"s":{"0":1,"1":1,"2":1},"f":{},"b":{}}
,"/Users/admin/Desktop/first_week/src/app.ts": {"path":"/Users/admin/Desktop/first_week/src/app.ts","statementMap":{"0":{"start":{"line":1,"column":0},"end":{"line":1,"column":29}},"1":{"start":{"line":2,"column":0},"end":{"line":2,"column":23}},"2":{"start":{"line":3,"column":0},"end":{"line":3,"column":35}},"3":{"start":{"line":4,"column":0},"end":{"line":4,"column":73}},"4":{"start":{"line":8,"column":13},"end":{"line":8,"column":29}},"5":{"start":{"line":10,"column":0},"end":{"line":10,"column":24}},"6":{"start":{"line":11,"column":0},"end":{"line":11,"column":16}},"7":{"start":{"line":13,"column":0},"end":{"line":16,"column":null}},"8":{"start":{"line":15,"column":4},"end":{"line":15,"column":null}},"9":{"start":{"line":17,"column":0},"end":{"line":17,"column":null}},"10":{"start":{"line":19,"column":0},"end":{"line":19,"column":null}}},"fnMap":{"0":{"name":"(anonymous_1)","decl":{"start":{"line":13,"column":13},"end":{"line":13,"column":14}},"loc":{"start":{"line":13,"column":26},"end":{"line":16,"column":1}}}},"branchMap":{},"s":{"0":1,"1":1,"2":1,"3":1,"4":1,"5":1,"6":1,"7":1,"8":0,"9":1,"10":1},"f":{"0":0},"b":{}}
,"/Users/admin/Desktop/first_week/src/settings.ts": {"path":"/Users/admin/Desktop/first_week/src/settings.ts","statementMap":{"0":{"start":{"line":1,"column":0},"end":{"line":1,"column":29}},"1":{"start":{"line":2,"column":0},"end":{"line":2,"column":9}},"2":{"start":{"line":4,"column":13},"end":{"line":11,"column":null}}},"fnMap":{},"branchMap":{"0":{"loc":{"start":{"line":6,"column":10},"end":{"line":6,"column":34}},"type":"binary-expr","locations":[{"start":{"line":6,"column":10},"end":{"line":6,"column":26}},{"start":{"line":6,"column":30},"end":{"line":6,"column":34}}]}},"s":{"0":1,"1":1,"2":1},"f":{},"b":{"0":[1,1]}}
,"/Users/admin/Desktop/first_week/src/db/db.ts": {"path":"/Users/admin/Desktop/first_week/src/db/db.ts","statementMap":{"0":{"start":{"line":8,"column":13},"end":{"line":11,"column":null}},"1":{"start":{"line":14,"column":21},"end":{"line":24,"column":1}},"2":{"start":{"line":15,"column":2},"end":{"line":19,"column":3}},"3":{"start":{"line":16,"column":6},"end":{"line":16,"column":null}},"4":{"start":{"line":18,"column":6},"end":{"line":18,"column":12}},"5":{"start":{"line":22,"column":2},"end":{"line":22,"column":null}},"6":{"start":{"line":14,"column":13},"end":{"line":14,"column":21}}},"fnMap":{"0":{"name":"(anonymous_0)","decl":{"start":{"line":14,"column":21},"end":{"line":14,"column":22}},"loc":{"start":{"line":14,"column":51},"end":{"line":24,"column":1}}}},"branchMap":{"0":{"loc":{"start":{"line":15,"column":2},"end":{"line":19,"column":3}},"type":"if","locations":[{"start":{"line":15,"column":2},"end":{"line":19,"column":3}}]},"1":{"loc":{"start":{"line":22,"column":14},"end":{"line":22,"column":41}},"type":"binary-expr","locations":[{"start":{"line":22,"column":14},"end":{"line":22,"column":28}},{"start":{"line":22,"column":32},"end":{"line":22,"column":41}}]}},"s":{"0":1,"1":1,"2":6,"3":4,"4":4,"5":2,"6":1},"f":{"0":6},"b":{"0":[4],"1":[2,0]}}
,"/Users/admin/Desktop/first_week/src/input-output-types/video-types.ts": {"path":"/Users/admin/Desktop/first_week/src/input-output-types/video-types.ts","statementMap":{"0":{"start":{"line":1,"column":0},"end":{"line":1,"column":null}},"1":{"start":{"line":2,"column":2},"end":{"line":2,"column":null}},"2":{"start":{"line":3,"column":2},"end":{"line":3,"column":null}},"3":{"start":{"line":4,"column":2},"end":{"line":4,"column":null}},"4":{"start":{"line":5,"column":2},"end":{"line":5,"column":null}},"5":{"start":{"line":6,"column":2},"end":{"line":6,"column":null}},"6":{"start":{"line":7,"column":2},"end":{"line":7,"column":null}},"7":{"start":{"line":8,"column":2},"end":{"line":8,"column":null}},"8":{"start":{"line":9,"column":2},"end":{"line":9,"column":null}}},"fnMap":{"0":{"name":"(anonymous_0)","decl":{"start":{"line":1,"column":0},"end":{"line":1,"column":12}},"loc":{"start":{"line":1,"column":23},"end":{"line":10,"column":1}}}},"branchMap":{"0":{"loc":{"start":{"line":1,"column":12},"end":{"line":1,"column":null}},"type":"binary-expr","locations":[{"start":{"line":1,"column":12},"end":{"line":1,"column":23}},{"start":{"line":1,"column":23},"end":{"line":1,"column":null}}]}},"s":{"0":1,"1":1,"2":1,"3":1,"4":1,"5":1,"6":1,"7":1,"8":1},"f":{"0":1},"b":{"0":[1,1]}}
,"/Users/admin/Desktop/first_week/src/videos/createVideo.ts": {"path":"/Users/admin/Desktop/first_week/src/videos/createVideo.ts","statementMap":{"0":{"start":{"line":3,"column":0},"end":{"line":3,"column":27}},"1":{"start":{"line":4,"column":0},"end":{"line":4,"column":77}},"2":{"start":{"line":7,"column":24},"end":{"line":36,"column":1}},"3":{"start":{"line":8,"column":35},"end":{"line":10,"column":4}},"4":{"start":{"line":11,"column":16},"end":{"line":11,"column":34}},"5":{"start":{"line":12,"column":2},"end":{"line":17,"column":3}},"6":{"start":{"line":13,"column":6},"end":{"line":16,"column":9}},"7":{"start":{"line":18,"column":17},"end":{"line":18,"column":36}},"8":{"start":{"line":20,"column":2},"end":{"line":25,"column":3}},"9":{"start":{"line":21,"column":6},"end":{"line":24,"column":9}},"10":{"start":{"line":27,"column":2},"end":{"line":34,"column":3}},"11":{"start":{"line":28,"column":43},"end":{"line":28,"column":82}},"12":{"start":{"line":30,"column":6},"end":{"line":33,"column":9}},"13":{"start":{"line":35,"column":6},"end":{"line":35,"column":null}},"14":{"start":{"line":38,"column":27},"end":{"line":59,"column":1}},"15":{"start":{"line":39,"column":19},"end":{"line":39,"column":44}},"16":{"start":{"line":40,"column":4},"end":{"line":45,"column":5}},"17":{"start":{"line":41,"column":8},"end":{"line":43,"column":null}},"18":{"start":{"line":44,"column":8},"end":{"line":44,"column":14}},"19":{"start":{"line":46,"column":18},"end":{"line":52,"column":null}},"20":{"start":{"line":54,"column":4},"end":{"line":54,"column":null}},"21":{"start":{"line":56,"column":4},"end":{"line":58,"column":null}},"22":{"start":{"line":38,"column":13},"end":{"line":38,"column":27}}},"fnMap":{"0":{"name":"(anonymous_0)","decl":{"start":{"line":7,"column":24},"end":{"line":7,"column":25}},"loc":{"start":{"line":7,"column":50},"end":{"line":36,"column":1}}},"1":{"name":"(anonymous_1)","decl":{"start":{"line":28,"column":38},"end":{"line":28,"column":39}},"loc":{"start":{"line":28,"column":43},"end":{"line":28,"column":82}}},"2":{"name":"(anonymous_2)","decl":{"start":{"line":38,"column":27},"end":{"line":38,"column":28}},"loc":{"start":{"line":38,"column":118},"end":{"line":59,"column":1}}}},"branchMap":{"0":{"loc":{"start":{"line":12,"column":2},"end":{"line":17,"column":3}},"type":"if","locations":[{"start":{"line":12,"column":2},"end":{"line":17,"column":3}}]},"1":{"loc":{"start":{"line":12,"column":6},"end":{"line":12,"column":33}},"type":"binary-expr","locations":[{"start":{"line":12,"column":6},"end":{"line":12,"column":12}},{"start":{"line":12,"column":16},"end":{"line":12,"column":33}}]},"2":{"loc":{"start":{"line":13,"column":6},"end":{"line":16,"column":8}},"type":"cond-expr","locations":[{"start":{"line":13,"column":27},"end":{"line":13,"column":29}},{"start":{"line":13,"column":27},"end":{"line":16,"column":8}}]},"3":{"loc":{"start":{"line":13,"column":6},"end":{"line":13,"column":29}},"type":"binary-expr","locations":[{"start":{"line":13,"column":6},"end":{"line":13,"column":29}},{"start":{"line":13,"column":27},"end":{"line":13,"column":29}}]},"4":{"loc":{"start":{"line":20,"column":2},"end":{"line":25,"column":3}},"type":"if","locations":[{"start":{"line":20,"column":2},"end":{"line":25,"column":3}}]},"5":{"loc":{"start":{"line":20,"column":6},"end":{"line":20,"column":35}},"type":"binary-expr","locations":[{"start":{"line":20,"column":6},"end":{"line":20,"column":13}},{"start":{"line":20,"column":17},"end":{"line":20,"column":35}}]},"6":{"loc":{"start":{"line":21,"column":6},"end":{"line":24,"column":8}},"type":"cond-expr","locations":[{"start":{"line":21,"column":27},"end":{"line":21,"column":29}},{"start":{"line":21,"column":27},"end":{"line":24,"column":8}}]},"7":{"loc":{"start":{"line":21,"column":6},"end":{"line":21,"column":29}},"type":"binary-expr","locations":[{"start":{"line":21,"column":6},"end":{"line":21,"column":29}},{"start":{"line":21,"column":27},"end":{"line":21,"column":29}}]},"8":{"loc":{"start":{"line":27,"column":2},"end":{"line":34,"column":3}},"type":"if","locations":[{"start":{"line":27,"column":2},"end":{"line":34,"column":3}}]},"9":{"loc":{"start":{"line":27,"column":6},"end":{"line":28,"column":83}},"type":"binary-expr","locations":[{"start":{"line":27,"column":6},"end":{"line":27,"column":48}},{"start":{"line":27,"column":52},"end":{"line":27,"column":91}},{"start":{"line":28,"column":6},"end":{"line":28,"column":83}}]},"10":{"loc":{"start":{"line":30,"column":6},"end":{"line":33,"column":8}},"type":"cond-expr","locations":[{"start":{"line":30,"column":27},"end":{"line":30,"column":29}},{"start":{"line":30,"column":27},"end":{"line":33,"column":8}}]},"11":{"loc":{"start":{"line":30,"column":6},"end":{"line":30,"column":29}},"type":"binary-expr","locations":[{"start":{"line":30,"column":6},"end":{"line":30,"column":29}},{"start":{"line":30,"column":27},"end":{"line":30,"column":29}}]},"12":{"loc":{"start":{"line":40,"column":4},"end":{"line":45,"column":5}},"type":"if","locations":[{"start":{"line":40,"column":4},"end":{"line":45,"column":5}}]},"13":{"loc":{"start":{"line":40,"column":8},"end":{"line":40,"column":61}},"type":"binary-expr","locations":[{"start":{"line":40,"column":8},"end":{"line":40,"column":29}},{"start":{"line":40,"column":33},"end":{"line":40,"column":61}}]}},"s":{"0":1,"1":1,"2":1,"3":2,"4":2,"5":2,"6":0,"7":2,"8":2,"9":1,"10":2,"11":3,"12":0,"13":2,"14":1,"15":2,"16":2,"17":1,"18":1,"19":1,"20":1,"21":1,"22":1},"f":{"0":2,"1":3,"2":2},"b":{"0":[0],"1":[2,2],"2":[0,0],"3":[0,0],"4":[1],"5":[2,1],"6":[0,1],"7":[1,1],"8":[0],"9":[2,2,2],"10":[0,0],"11":[0,0],"12":[1],"13":[2,2]}}
,"/Users/admin/Desktop/first_week/src/videos/getVideosController.ts": {"path":"/Users/admin/Desktop/first_week/src/videos/getVideosController.ts","statementMap":{"0":{"start":{"line":1,"column":0},"end":{"line":1,"column":49}},"1":{"start":{"line":2,"column":0},"end":{"line":2,"column":27}},"2":{"start":{"line":3,"column":0},"end":{"line":3,"column":44}},"3":{"start":{"line":4,"column":0},"end":{"line":4,"column":44}},"4":{"start":{"line":7,"column":13},"end":{"line":7,"column":36}},"5":{"start":{"line":9,"column":13},"end":{"line":44,"column":null}},"6":{"start":{"line":11,"column":19},"end":{"line":11,"column":28}},"7":{"start":{"line":12,"column":4},"end":{"line":12,"column":null}},"8":{"start":{"line":13,"column":4},"end":{"line":13,"column":null}},"9":{"start":{"line":15,"column":49},"end":{"line":15,"column":70}},"10":{"start":{"line":17,"column":15},"end":{"line":17,"column":38}},"11":{"start":{"line":18,"column":18},"end":{"line":18,"column":65}},"12":{"start":{"line":18,"column":49},"end":{"line":18,"column":64}},"13":{"start":{"line":20,"column":4},"end":{"line":23,"column":5}},"14":{"start":{"line":21,"column":6},"end":{"line":21,"column":59}},"15":{"start":{"line":22,"column":6},"end":{"line":22,"column":13}},"16":{"start":{"line":25,"column":4},"end":{"line":25,"column":31}},"17":{"start":{"line":26,"column":4},"end":{"line":26,"column":27}},"18":{"start":{"line":29,"column":15},"end":{"line":29,"column":38}},"19":{"start":{"line":30,"column":18},"end":{"line":30,"column":60}},"20":{"start":{"line":30,"column":44},"end":{"line":30,"column":59}},"21":{"start":{"line":32,"column":4},"end":{"line":35,"column":5}},"22":{"start":{"line":33,"column":6},"end":{"line":33,"column":59}},"23":{"start":{"line":34,"column":6},"end":{"line":34,"column":13}},"24":{"start":{"line":37,"column":4},"end":{"line":37,"column":32}},"25":{"start":{"line":39,"column":48},"end":{"line":39,"column":69}},"26":{"start":{"line":41,"column":4},"end":{"line":41,"column":19}},"27":{"start":{"line":42,"column":4},"end":{"line":42,"column":27}},"28":{"start":{"line":46,"column":0},"end":{"line":46,"column":48}},"29":{"start":{"line":47,"column":0},"end":{"line":47,"column":51}},"30":{"start":{"line":48,"column":0},"end":{"line":48,"column":56}},"31":{"start":{"line":49,"column":0},"end":{"line":49,"column":50}},"32":{"start":{"line":50,"column":0},"end":{"line":50,"column":53}}},"fnMap":{"0":{"name":"(anonymous_0)","decl":{"start":{"line":10,"column":13},"end":{"line":10,"column":14}},"loc":{"start":{"line":10,"column":45},"end":{"line":14,"column":3}}},"1":{"name":"(anonymous_1)","decl":{"start":{"line":15,"column":15},"end":{"line":15,"column":16}},"loc":{"start":{"line":15,"column":49},"end":{"line":15,"column":70}}},"2":{"name":"(anonymous_2)","decl":{"start":{"line":16,"column":15},"end":{"line":16,"column":16}},"loc":{"start":{"line":16,"column":47},"end":{"line":27,"column":3}}},"3":{"name":"(anonymous_3)","decl":{"start":{"line":18,"column":38},"end":{"line":18,"column":39}},"loc":{"start":{"line":18,"column":49},"end":{"line":18,"column":64}}},"4":{"name":"(anonymous_4)","decl":{"start":{"line":28,"column":12},"end":{"line":28,"column":13}},"loc":{"start":{"line":28,"column":44},"end":{"line":38,"column":3}}},"5":{"name":"(anonymous_5)","decl":{"start":{"line":30,"column":33},"end":{"line":30,"column":34}},"loc":{"start":{"line":30,"column":44},"end":{"line":30,"column":59}}},"6":{"name":"(anonymous_6)","decl":{"start":{"line":39,"column":15},"end":{"line":39,"column":16}},"loc":{"start":{"line":39,"column":48},"end":{"line":39,"column":69}}},"7":{"name":"(anonymous_7)","decl":{"start":{"line":40,"column":19},"end":{"line":40,"column":20}},"loc":{"start":{"line":40,"column":51},"end":{"line":43,"column":3}}}},"branchMap":{"0":{"loc":{"start":{"line":20,"column":4},"end":{"line":23,"column":5}},"type":"if","locations":[{"start":{"line":20,"column":4},"end":{"line":23,"column":5}}]},"1":{"loc":{"start":{"line":32,"column":4},"end":{"line":35,"column":5}},"type":"if","locations":[{"start":{"line":32,"column":4},"end":{"line":35,"column":5}}]}},"s":{"0":1,"1":1,"2":1,"3":1,"4":1,"5":1,"6":2,"7":2,"8":2,"9":2,"10":0,"11":0,"12":0,"13":0,"14":0,"15":0,"16":0,"17":0,"18":0,"19":0,"20":0,"21":0,"22":0,"23":0,"24":0,"25":1,"26":0,"27":0,"28":1,"29":1,"30":1,"31":1,"32":1},"f":{"0":2,"1":2,"2":0,"3":0,"4":0,"5":0,"6":1,"7":0},"b":{"0":[0],"1":[0]}}
,"/Users/admin/Desktop/first_week/src/videos/updateVideo.ts": {"path":"/Users/admin/Desktop/first_week/src/videos/updateVideo.ts","statementMap":{"0":{"start":{"line":3,"column":0},"end":{"line":3,"column":27}},"1":{"start":{"line":4,"column":0},"end":{"line":4,"column":61}},"2":{"start":{"line":7,"column":24},"end":{"line":55,"column":1}},"3":{"start":{"line":8,"column":37},"end":{"line":10,"column":6}},"4":{"start":{"line":11,"column":18},"end":{"line":11,"column":37}},"5":{"start":{"line":12,"column":4},"end":{"line":17,"column":5}},"6":{"start":{"line":13,"column":8},"end":{"line":16,"column":11}},"7":{"start":{"line":18,"column":19},"end":{"line":18,"column":39}},"8":{"start":{"line":20,"column":4},"end":{"line":25,"column":5}},"9":{"start":{"line":21,"column":8},"end":{"line":24,"column":11}},"10":{"start":{"line":27,"column":4},"end":{"line":34,"column":5}},"11":{"start":{"line":28,"column":46},"end":{"line":28,"column":85}},"12":{"start":{"line":30,"column":8},"end":{"line":33,"column":11}},"13":{"start":{"line":36,"column":28},"end":{"line":36,"column":49}},"14":{"start":{"line":38,"column":4},"end":{"line":43,"column":5}},"15":{"start":{"line":39,"column":8},"end":{"line":42,"column":11}},"16":{"start":{"line":45,"column":30},"end":{"line":45,"column":53}},"17":{"start":{"line":47,"column":4},"end":{"line":52,"column":5}},"18":{"start":{"line":48,"column":8},"end":{"line":51,"column":11}},"19":{"start":{"line":54,"column":4},"end":{"line":54,"column":null}},"20":{"start":{"line":57,"column":27},"end":{"line":89,"column":1}},"21":{"start":{"line":58,"column":18},"end":{"line":58,"column":62}},"22":{"start":{"line":58,"column":38},"end":{"line":58,"column":61}},"23":{"start":{"line":59,"column":4},"end":{"line":69,"column":5}},"24":{"start":{"line":60,"column":8},"end":{"line":67,"column":null}},"25":{"start":{"line":68,"column":8},"end":{"line":68,"column":14}},"26":{"start":{"line":70,"column":19},"end":{"line":70,"column":44}},"27":{"start":{"line":71,"column":4},"end":{"line":76,"column":5}},"28":{"start":{"line":72,"column":8},"end":{"line":74,"column":null}},"29":{"start":{"line":75,"column":8},"end":{"line":75,"column":14}},"30":{"start":{"line":77,"column":22},"end":{"line":82,"column":null}},"31":{"start":{"line":85,"column":4},"end":{"line":85,"column":null}},"32":{"start":{"line":85,"column":35},"end":{"line":85,"column":77}},"33":{"start":{"line":86,"column":4},"end":{"line":88,"column":null}},"34":{"start":{"line":57,"column":13},"end":{"line":57,"column":27}}},"fnMap":{"0":{"name":"(anonymous_0)","decl":{"start":{"line":7,"column":24},"end":{"line":7,"column":25}},"loc":{"start":{"line":7,"column":56},"end":{"line":55,"column":1}}},"1":{"name":"(anonymous_1)","decl":{"start":{"line":28,"column":41},"end":{"line":28,"column":42}},"loc":{"start":{"line":28,"column":46},"end":{"line":28,"column":85}}},"2":{"name":"(anonymous_2)","decl":{"start":{"line":57,"column":27},"end":{"line":57,"column":28}},"loc":{"start":{"line":57,"column":124},"end":{"line":89,"column":1}}},"3":{"name":"(anonymous_3)","decl":{"start":{"line":58,"column":33},"end":{"line":58,"column":34}},"loc":{"start":{"line":58,"column":38},"end":{"line":58,"column":61}}},"4":{"name":"(anonymous_4)","decl":{"start":{"line":85,"column":30},"end":{"line":85,"column":31}},"loc":{"start":{"line":85,"column":35},"end":{"line":85,"column":77}}}},"branchMap":{"0":{"loc":{"start":{"line":11,"column":18},"end":{"line":11,"column":37}},"type":"cond-expr","locations":[{"start":{"line":11,"column":29},"end":{"line":11,"column":31}},{"start":{"line":11,"column":29},"end":{"line":11,"column":37}}]},"1":{"loc":{"start":{"line":11,"column":18},"end":{"line":11,"column":31}},"type":"binary-expr","locations":[{"start":{"line":11,"column":18},"end":{"line":11,"column":31}},{"start":{"line":11,"column":29},"end":{"line":11,"column":31}}]},"2":{"loc":{"start":{"line":12,"column":4},"end":{"line":17,"column":5}},"type":"if","locations":[{"start":{"line":12,"column":4},"end":{"line":17,"column":5}}]},"3":{"loc":{"start":{"line":12,"column":8},"end":{"line":12,"column":35}},"type":"binary-expr","locations":[{"start":{"line":12,"column":8},"end":{"line":12,"column":14}},{"start":{"line":12,"column":18},"end":{"line":12,"column":35}}]},"4":{"loc":{"start":{"line":13,"column":8},"end":{"line":16,"column":10}},"type":"cond-expr","locations":[{"start":{"line":13,"column":29},"end":{"line":13,"column":31}},{"start":{"line":13,"column":29},"end":{"line":16,"column":10}}]},"5":{"loc":{"start":{"line":13,"column":8},"end":{"line":13,"column":31}},"type":"binary-expr","locations":[{"start":{"line":13,"column":8},"end":{"line":13,"column":31}},{"start":{"line":13,"column":29},"end":{"line":13,"column":31}}]},"6":{"loc":{"start":{"line":18,"column":19},"end":{"line":18,"column":39}},"type":"cond-expr","locations":[{"start":{"line":18,"column":31},"end":{"line":18,"column":33}},{"start":{"line":18,"column":31},"end":{"line":18,"column":39}}]},"7":{"loc":{"start":{"line":18,"column":19},"end":{"line":18,"column":33}},"type":"binary-expr","locations":[{"start":{"line":18,"column":19},"end":{"line":18,"column":33}},{"start":{"line":18,"column":31},"end":{"line":18,"column":33}}]},"8":{"loc":{"start":{"line":20,"column":4},"end":{"line":25,"column":5}},"type":"if","locations":[{"start":{"line":20,"column":4},"end":{"line":25,"column":5}}]},"9":{"loc":{"start":{"line":20,"column":8},"end":{"line":20,"column":37}},"type":"binary-expr","locations":[{"start":{"line":20,"column":8},"end":{"line":20,"column":15}},{"start":{"line":20,"column":19},"end":{"line":20,"column":37}}]},"10":{"loc":{"start":{"line":21,"column":8},"end":{"line":24,"column":10}},"type":"cond-expr","locations":[{"start":{"line":21,"column":29},"end":{"line":21,"column":31}},{"start":{"line":21,"column":29},"end":{"line":24,"column":10}}]},"11":{"loc":{"start":{"line":21,"column":8},"end":{"line":21,"column":31}},"type":"binary-expr","locations":[{"start":{"line":21,"column":8},"end":{"line":21,"column":31}},{"start":{"line":21,"column":29},"end":{"line":21,"column":31}}]},"12":{"loc":{"start":{"line":27,"column":4},"end":{"line":34,"column":5}},"type":"if","locations":[{"start":{"line":27,"column":4},"end":{"line":34,"column":5}}]},"13":{"loc":{"start":{"line":27,"column":8},"end":{"line":28,"column":null}},"type":"binary-expr","locations":[{"start":{"line":27,"column":8},"end":{"line":27,"column":50}},{"start":{"line":27,"column":54},"end":{"line":27,"column":94}},{"start":{"line":28,"column":8},"end":{"line":28,"column":86}}]},"14":{"loc":{"start":{"line":27,"column":54},"end":{"line":27,"column":88}},"type":"cond-expr","locations":[{"start":{"line":27,"column":80},"end":{"line":27,"column":82}},{"start":{"line":27,"column":80},"end":{"line":27,"column":88}}]},"15":{"loc":{"start":{"line":27,"column":54},"end":{"line":27,"column":82}},"type":"binary-expr","locations":[{"start":{"line":27,"column":54},"end":{"line":27,"column":82}},{"start":{"line":27,"column":80},"end":{"line":27,"column":82}}]},"16":{"loc":{"start":{"line":28,"column":8},"end":{"line":28,"column":86}},"type":"cond-expr","locations":[{"start":{"line":28,"column":34},"end":{"line":28,"column":36}},{"start":{"line":28,"column":34},"end":{"line":28,"column":86}}]},"17":{"loc":{"start":{"line":28,"column":8},"end":{"line":28,"column":36}},"type":"binary-expr","locations":[{"start":{"line":28,"column":8},"end":{"line":28,"column":36}},{"start":{"line":28,"column":34},"end":{"line":28,"column":36}}]},"18":{"loc":{"start":{"line":30,"column":8},"end":{"line":33,"column":10}},"type":"cond-expr","locations":[{"start":{"line":30,"column":29},"end":{"line":30,"column":31}},{"start":{"line":30,"column":29},"end":{"line":33,"column":10}}]},"19":{"loc":{"start":{"line":30,"column":8},"end":{"line":30,"column":31}},"type":"binary-expr","locations":[{"start":{"line":30,"column":8},"end":{"line":30,"column":31}},{"start":{"line":30,"column":29},"end":{"line":30,"column":31}}]},"20":{"loc":{"start":{"line":38,"column":4},"end":{"line":43,"column":5}},"type":"if","locations":[{"start":{"line":38,"column":4},"end":{"line":43,"column":5}}]},"21":{"loc":{"start":{"line":38,"column":8},"end":{"line":38,"column":77}},"type":"binary-expr","locations":[{"start":{"line":38,"column":8},"end":{"line":38,"column":37}},{"start":{"line":38,"column":41},"end":{"line":38,"column":77}}]},"22":{"loc":{"start":{"line":39,"column":8},"end":{"line":42,"column":10}},"type":"cond-expr","locations":[{"start":{"line":39,"column":29},"end":{"line":39,"column":31}},{"start":{"line":39,"column":29},"end":{"line":42,"column":10}}]},"23":{"loc":{"start":{"line":39,"column":8},"end":{"line":39,"column":31}},"type":"binary-expr","locations":[{"start":{"line":39,"column":8},"end":{"line":39,"column":31}},{"start":{"line":39,"column":29},"end":{"line":39,"column":31}}]},"24":{"loc":{"start":{"line":47,"column":4},"end":{"line":52,"column":5}},"type":"if","locations":[{"start":{"line":47,"column":4},"end":{"line":52,"column":5}}]},"25":{"loc":{"start":{"line":47,"column":8},"end":{"line":47,"column":102}},"type":"binary-expr","locations":[{"start":{"line":47,"column":8},"end":{"line":47,"column":34}},{"start":{"line":47,"column":39},"end":{"line":47,"column":76}},{"start":{"line":47,"column":80},"end":{"line":47,"column":101}}]},"26":{"loc":{"start":{"line":48,"column":8},"end":{"line":51,"column":10}},"type":"cond-expr","locations":[{"start":{"line":48,"column":29},"end":{"line":48,"column":31}},{"start":{"line":48,"column":29},"end":{"line":51,"column":10}}]},"27":{"loc":{"start":{"line":48,"column":8},"end":{"line":48,"column":31}},"type":"binary-expr","locations":[{"start":{"line":48,"column":8},"end":{"line":48,"column":31}},{"start":{"line":48,"column":29},"end":{"line":48,"column":31}}]},"28":{"loc":{"start":{"line":59,"column":4},"end":{"line":69,"column":5}},"type":"if","locations":[{"start":{"line":59,"column":4},"end":{"line":69,"column":5}}]},"29":{"loc":{"start":{"line":71,"column":4},"end":{"line":76,"column":5}},"type":"if","locations":[{"start":{"line":71,"column":4},"end":{"line":76,"column":5}}]},"30":{"loc":{"start":{"line":71,"column":8},"end":{"line":71,"column":61}},"type":"binary-expr","locations":[{"start":{"line":71,"column":8},"end":{"line":71,"column":29}},{"start":{"line":71,"column":33},"end":{"line":71,"column":61}}]},"31":{"loc":{"start":{"line":85,"column":35},"end":{"line":85,"column":77}},"type":"cond-expr","locations":[{"start":{"line":85,"column":61},"end":{"line":85,"column":73}},{"start":{"line":85,"column":76},"end":{"line":85,"column":77}}]}},"s":{"0":1,"1":1,"2":1,"3":1,"4":1,"5":1,"6":0,"7":1,"8":1,"9":0,"10":1,"11":2,"12":0,"13":1,"14":1,"15":0,"16":1,"17":1,"18":0,"19":1,"20":1,"21":1,"22":1,"23":1,"24":0,"25":0,"26":1,"27":1,"28":0,"29":0,"30":1,"31":1,"32":1,"33":1,"34":1},"f":{"0":1,"1":2,"2":1,"3":1,"4":1},"b":{"0":[0,1],"1":[1,1],"2":[0],"3":[1,1],"4":[0,0],"5":[0,0],"6":[0,1],"7":[1,1],"8":[0],"9":[1,1],"10":[0,0],"11":[0,0],"12":[0],"13":[1,1,1],"14":[0,1],"15":[1,1],"16":[0,1],"17":[1,1],"18":[0,0],"19":[0,0],"20":[0],"21":[1,1],"22":[0,0],"23":[0,0],"24":[0],"25":[1,1,1],"26":[0,0],"27":[0,0],"28":[0],"29":[0],"30":[1,1],"31":[1,0]}}
}
