TN:
SF:__tests__/datasets.ts
FNF:0
FNH:0
DA:2,1
DA:8,1
DA:21,1
LF:3
LH:3
BRF:0
BRH:0
end_of_record
TN:
SF:__tests__/test-helpers.ts
FNF:0
FNH:0
DA:1,1
DA:2,1
DA:4,1
LF:3
LH:3
BRF:0
BRH:0
end_of_record
TN:
SF:src/app.ts
FN:13,(anonymous_1)
FNF:1
FNH:0
FNDA:0,(anonymous_1)
DA:1,1
DA:2,1
DA:3,1
DA:4,1
DA:8,1
DA:10,1
DA:11,1
DA:13,1
DA:15,0
DA:17,1
DA:19,1
LF:11
LH:10
BRF:0
BRH:0
end_of_record
TN:
SF:src/settings.ts
FNF:0
FNH:0
DA:1,1
DA:2,1
DA:4,1
LF:3
LH:3
BRDA:6,0,0,1
BRDA:6,0,1,1
BRF:2
BRH:2
end_of_record
TN:
SF:src/db/db.ts
FN:14,(anonymous_0)
FNF:1
FNH:1
FNDA:6,(anonymous_0)
DA:8,1
DA:14,1
DA:15,6
DA:16,4
DA:18,4
DA:22,2
LF:6
LH:6
BRDA:15,0,0,4
BRDA:22,1,0,2
BRDA:22,1,1,0
BRF:3
BRH:2
end_of_record
TN:
SF:src/input-output-types/video-types.ts
FN:1,(anonymous_0)
FNF:1
FNH:1
FNDA:1,(anonymous_0)
DA:1,1
DA:2,1
DA:3,1
DA:4,1
DA:5,1
DA:6,1
DA:7,1
DA:8,1
DA:9,1
LF:9
LH:9
BRDA:1,0,0,1
BRDA:1,0,1,1
BRF:2
BRH:2
end_of_record
TN:
SF:src/videos/createVideo.ts
FN:7,(anonymous_0)
FN:28,(anonymous_1)
FN:38,(anonymous_2)
FNF:3
FNH:3
FNDA:2,(anonymous_0)
FNDA:3,(anonymous_1)
FNDA:2,(anonymous_2)
DA:3,1
DA:4,1
DA:7,1
DA:8,2
DA:11,2
DA:12,2
DA:13,0
DA:18,2
DA:20,2
DA:21,1
DA:27,2
DA:28,3
DA:30,0
DA:35,2
DA:38,1
DA:39,2
DA:40,2
DA:41,1
DA:44,1
DA:46,1
DA:54,1
DA:56,1
LF:22
LH:20
BRDA:12,0,0,0
BRDA:12,1,0,2
BRDA:12,1,1,2
BRDA:13,2,0,0
BRDA:13,2,1,0
BRDA:13,3,0,0
BRDA:13,3,1,0
BRDA:20,4,0,1
BRDA:20,5,0,2
BRDA:20,5,1,1
BRDA:21,6,0,0
BRDA:21,6,1,1
BRDA:21,7,0,1
BRDA:21,7,1,1
BRDA:27,8,0,0
BRDA:27,9,0,2
BRDA:27,9,1,2
BRDA:27,9,2,2
BRDA:30,10,0,0
BRDA:30,10,1,0
BRDA:30,11,0,0
BRDA:30,11,1,0
BRDA:40,12,0,1
BRDA:40,13,0,2
BRDA:40,13,1,2
BRF:25
BRH:14
end_of_record
TN:
SF:src/videos/getVideosController.ts
FN:10,(anonymous_0)
FN:15,(anonymous_1)
FN:16,(anonymous_2)
FN:18,(anonymous_3)
FN:28,(anonymous_4)
FN:30,(anonymous_5)
FN:39,(anonymous_6)
FN:40,(anonymous_7)
FNF:8
FNH:3
FNDA:2,(anonymous_0)
FNDA:2,(anonymous_1)
FNDA:0,(anonymous_2)
FNDA:0,(anonymous_3)
FNDA:0,(anonymous_4)
FNDA:0,(anonymous_5)
FNDA:1,(anonymous_6)
FNDA:0,(anonymous_7)
DA:1,1
DA:2,1
DA:3,1
DA:4,1
DA:7,1
DA:9,1
DA:11,2
DA:12,2
DA:13,2
DA:15,2
DA:17,0
DA:18,0
DA:20,0
DA:21,0
DA:22,0
DA:25,0
DA:26,0
DA:29,0
DA:30,0
DA:32,0
DA:33,0
DA:34,0
DA:37,0
DA:39,1
DA:41,0
DA:42,0
DA:46,1
DA:47,1
DA:48,1
DA:49,1
DA:50,1
LF:31
LH:16
BRDA:20,0,0,0
BRDA:32,1,0,0
BRF:2
BRH:0
end_of_record
TN:
SF:src/videos/updateVideo.ts
FN:7,(anonymous_0)
FN:28,(anonymous_1)
FN:57,(anonymous_2)
FN:58,(anonymous_3)
FN:85,(anonymous_4)
FNF:5
FNH:5
FNDA:1,(anonymous_0)
FNDA:2,(anonymous_1)
FNDA:1,(anonymous_2)
FNDA:1,(anonymous_3)
FNDA:1,(anonymous_4)
DA:3,1
DA:4,1
DA:7,1
DA:8,1
DA:11,1
DA:12,1
DA:13,0
DA:18,1
DA:20,1
DA:21,0
DA:27,1
DA:28,2
DA:30,0
DA:36,1
DA:38,1
DA:39,0
DA:45,1
DA:47,1
DA:48,0
DA:54,1
DA:57,1
DA:58,1
DA:59,1
DA:60,0
DA:68,0
DA:70,1
DA:71,1
DA:72,0
DA:75,0
DA:77,1
DA:85,1
DA:86,1
LF:32
LH:23
BRDA:11,0,0,0
BRDA:11,0,1,1
BRDA:11,1,0,1
BRDA:11,1,1,1
BRDA:12,2,0,0
BRDA:12,3,0,1
BRDA:12,3,1,1
BRDA:13,4,0,0
BRDA:13,4,1,0
BRDA:13,5,0,0
BRDA:13,5,1,0
BRDA:18,6,0,0
BRDA:18,6,1,1
BRDA:18,7,0,1
BRDA:18,7,1,1
BRDA:20,8,0,0
BRDA:20,9,0,1
BRDA:20,9,1,1
BRDA:21,10,0,0
BRDA:21,10,1,0
BRDA:21,11,0,0
BRDA:21,11,1,0
BRDA:27,12,0,0
BRDA:27,13,0,1
BRDA:27,13,1,1
BRDA:27,13,2,1
BRDA:27,14,0,0
BRDA:27,14,1,1
BRDA:27,15,0,1
BRDA:27,15,1,1
BRDA:28,16,0,0
BRDA:28,16,1,1
BRDA:28,17,0,1
BRDA:28,17,1,1
BRDA:30,18,0,0
BRDA:30,18,1,0
BRDA:30,19,0,0
BRDA:30,19,1,0
BRDA:38,20,0,0
BRDA:38,21,0,1
BRDA:38,21,1,1
BRDA:39,22,0,0
BRDA:39,22,1,0
BRDA:39,23,0,0
BRDA:39,23,1,0
BRDA:47,24,0,0
BRDA:47,25,0,1
BRDA:47,25,1,1
BRDA:47,25,2,1
BRDA:48,26,0,0
BRDA:48,26,1,0
BRDA:48,27,0,0
BRDA:48,27,1,0
BRDA:59,28,0,0
BRDA:71,29,0,0
BRDA:71,30,0,1
BRDA:71,30,1,1
BRDA:85,31,0,1
BRDA:85,31,1,0
BRF:59
BRH:27
end_of_record
