TN:
SF:__tests__/datasets.ts
FNF:0
FNH:0
DA:2,1
DA:8,1
DA:21,1
LF:3
LH:3
BRF:0
BRH:0
end_of_record
TN:
SF:__tests__/test-helpers.ts
FNF:0
FNH:0
DA:1,1
DA:2,1
DA:4,1
LF:3
LH:3
BRF:0
BRH:0
end_of_record
TN:
SF:src/app.ts
FN:13,(anonymous_1)
FNF:1
FNH:0
FNDA:0,(anonymous_1)
DA:1,1
DA:2,1
DA:3,1
DA:4,1
DA:8,1
DA:10,1
DA:11,1
DA:13,1
DA:15,0
DA:17,1
LF:10
LH:9
BRF:0
BRH:0
end_of_record
TN:
SF:src/settings.ts
FNF:0
FNH:0
DA:1,1
DA:2,1
DA:4,1
LF:3
LH:3
BRDA:6,0,0,1
BRDA:6,0,1,1
BRF:2
BRH:2
end_of_record
TN:
SF:src/db/db.ts
FN:14,(anonymous_0)
FNF:1
FNH:1
FNDA:4,(anonymous_0)
DA:8,1
DA:14,1
DA:15,4
DA:16,3
DA:18,3
DA:22,1
LF:6
LH:6
BRDA:15,0,0,3
BRDA:22,1,0,1
BRDA:22,1,1,0
BRF:3
BRH:2
end_of_record
TN:
SF:src/input-output-types/video-types.ts
FN:1,(anonymous_0)
FNF:1
FNH:1
FNDA:1,(anonymous_0)
DA:1,1
DA:2,1
DA:3,1
DA:4,1
DA:5,1
DA:6,1
DA:7,1
DA:8,1
DA:9,1
LF:9
LH:9
BRDA:1,0,0,1
BRDA:1,0,1,1
BRF:2
BRH:2
end_of_record
TN:
SF:src/videos/createVideo.ts
FN:7,(anonymous_0)
FN:27,(anonymous_1)
FN:37,(anonymous_2)
FNF:3
FNH:3
FNDA:1,(anonymous_0)
FNDA:2,(anonymous_1)
FNDA:1,(anonymous_2)
DA:3,1
DA:4,1
DA:7,1
DA:8,1
DA:12,1
DA:13,0
DA:19,1
DA:20,0
DA:26,1
DA:27,2
DA:29,0
DA:34,1
DA:37,1
DA:38,1
DA:39,1
DA:40,0
DA:43,0
DA:45,1
DA:46,1
DA:54,1
DA:55,1
DA:57,1
LF:22
LH:17
BRDA:12,0,0,0
BRDA:12,1,0,1
BRDA:12,1,1,1
BRDA:13,2,0,0
BRDA:13,2,1,0
BRDA:13,3,0,0
BRDA:13,3,1,0
BRDA:19,4,0,0
BRDA:19,5,0,1
BRDA:19,5,1,1
BRDA:20,6,0,0
BRDA:20,6,1,0
BRDA:20,7,0,0
BRDA:20,7,1,0
BRDA:26,8,0,0
BRDA:26,9,0,1
BRDA:26,9,1,1
BRDA:26,9,2,1
BRDA:29,10,0,0
BRDA:29,10,1,0
BRDA:29,11,0,0
BRDA:29,11,1,0
BRDA:39,12,0,0
BRDA:39,13,0,1
BRDA:39,13,1,1
BRF:25
BRH:9
end_of_record
TN:
SF:src/videos/getVideosController.ts
FN:9,(anonymous_0)
FN:14,(anonymous_1)
FN:15,(anonymous_2)
FN:17,(anonymous_3)
FNF:4
FNH:2
FNDA:2,(anonymous_0)
FNDA:1,(anonymous_1)
FNDA:0,(anonymous_2)
FNDA:0,(anonymous_3)
DA:1,1
DA:2,1
DA:3,1
DA:4,1
DA:6,1
DA:8,1
DA:10,2
DA:12,2
DA:14,1
DA:16,0
DA:17,0
DA:19,0
DA:20,0
DA:21,0
DA:24,0
DA:25,0
DA:29,1
DA:30,1
DA:31,1
LF:19
LH:12
BRDA:19,0,0,0
BRF:1
BRH:0
end_of_record
